# Logfile created on 2022-08-19 15:40:20 -0300 by logger.rb/v1.5.0
D, [2022-08-19T15:43:57.010618 #4136] DEBUG -- : MONGODB | Topology type 'unknown' initializing.
D, [2022-08-19T15:43:57.011757 #4136] DEBUG -- : MONGODB | There was a change in the members of the 'Unknown' topology.
D, [2022-08-19T15:43:57.012536 #4136] DEBUG -- : MONGODB | Server rocklov-db:27017 initializing.
D, [2022-08-19T15:43:57.013172 #4136] DEBUG -- : MONGODB | Waiting for up to 30.00 seconds for servers to be scanned: #<Cluster topology=Unknown[rocklov-db:27017] servers=[#<Server address=rocklov-db:27017 UNKNOWN>]>
D, [2022-08-19T15:43:57.048422 #4136] DEBUG -- : MONGODB | Server description for rocklov-db:27017 changed from 'unknown' to 'standalone'.
D, [2022-08-19T15:43:57.342747 #4136] DEBUG -- : MONGODB | Topology type 'Unknown' changed to type 'Single'.
D, [2022-08-19T15:43:57.361096 #4136] DEBUG -- : MONGODB | Server description for rocklov-db:27017 changed from 'standalone' to 'standalone'.
D, [2022-08-19T15:43:57.361370 #4136] DEBUG -- : MONGODB | There was a change in the members of the 'Single' topology.
D, [2022-08-19T15:43:57.362170 #4136] DEBUG -- : MONGODB | rocklov-db:27017 req:7 conn:1:1 sconn:24 | rocklov.delete | STARTED | {"delete"=>"users", "ordered"=>true, "deletes"=>[{"q"=>{"email"=>"diego@email.com"}, "limit"=>0}], "$db"=>"rocklov", "lsid"=>{"id"=><BSON::Binary:0x25540 type=uuid data=0xe654a0686ca14a1b...>}}
D, [2022-08-19T15:43:57.376815 #4136] DEBUG -- : MONGODB | rocklov-db:27017 req:7 | rocklov.delete | SUCCEEDED | 0.014s
D, [2022-08-19T15:44:00.294339 #4136] DEBUG -- : MONGODB | Server description for rocklov-db:27017 changed from 'standalone' to 'standalone'.
D, [2022-08-19T15:44:00.294627 #4136] DEBUG -- : MONGODB | There was a change in the members of the 'Single' topology.
D, [2022-08-19T15:44:00.295169 #4136] DEBUG -- : MONGODB | rocklov-db:27017 req:9 conn:1:2 sconn:26 | admin.endSessions | STARTED | {"endSessions"=>[{"id"=><BSON::Binary:0x25540 type=uuid data=0xe654a0686ca14a1b...>}], "$db"=>"admin"}
D, [2022-08-19T15:44:00.310338 #4136] DEBUG -- : MONGODB | rocklov-db:27017 req:9 | admin.endSessions | SUCCEEDED | 0.015s
D, [2022-08-19T15:44:14.175457 #6888] DEBUG -- : MONGODB | Topology type 'unknown' initializing.
D, [2022-08-19T15:44:14.176460 #6888] DEBUG -- : MONGODB | There was a change in the members of the 'Unknown' topology.
D, [2022-08-19T15:44:14.177708 #6888] DEBUG -- : MONGODB | Server rocklov-db:27017 initializing.
D, [2022-08-19T15:44:14.179175 #6888] DEBUG -- : MONGODB | Waiting for up to 30.00 seconds for servers to be scanned: #<Cluster topology=Unknown[rocklov-db:27017] servers=[#<Server address=rocklov-db:27017 UNKNOWN>]>
D, [2022-08-19T15:44:14.203099 #6888] DEBUG -- : MONGODB | Server description for rocklov-db:27017 changed from 'unknown' to 'standalone'.
D, [2022-08-19T15:44:14.203589 #6888] DEBUG -- : MONGODB | Topology type 'Unknown' changed to type 'Single'.
D, [2022-08-19T15:44:14.234130 #6888] DEBUG -- : MONGODB | Server description for rocklov-db:27017 changed from 'standalone' to 'standalone'.
D, [2022-08-19T15:44:14.234507 #6888] DEBUG -- : MONGODB | There was a change in the members of the 'Single' topology.
D, [2022-08-19T15:44:14.235533 #6888] DEBUG -- : MONGODB | rocklov-db:27017 req:7 conn:1:1 sconn:28 | rocklov.delete | STARTED | {"delete"=>"users", "ordered"=>true, "deletes"=>[{"q"=>{"email"=>"diego@email.com"}, "limit"=>0}], "$db"=>"rocklov", "lsid"=>{"id"=><BSON::Binary:0x25540 type=uuid data=0xe92bfa2638fa42ff...>}}
D, [2022-08-19T15:44:14.249003 #6888] DEBUG -- : MONGODB | rocklov-db:27017 req:7 | rocklov.delete | SUCCEEDED | 0.013s
D, [2022-08-19T15:44:17.123327 #6888] DEBUG -- : MONGODB | Server description for rocklov-db:27017 changed from 'standalone' to 'standalone'.
D, [2022-08-19T15:44:17.123562 #6888] DEBUG -- : MONGODB | There was a change in the members of the 'Single' topology.
D, [2022-08-19T15:44:17.124025 #6888] DEBUG -- : MONGODB | rocklov-db:27017 req:9 conn:1:2 sconn:29 | admin.endSessions | STARTED | {"endSessions"=>[{"id"=><BSON::Binary:0x25540 type=uuid data=0xe92bfa2638fa42ff...>}], "$db"=>"admin"}
D, [2022-08-19T15:44:17.138859 #6888] DEBUG -- : MONGODB | rocklov-db:27017 req:9 | admin.endSessions | SUCCEEDED | 0.015s
